0 info it worked if it ends with ok
1 verbose cli [ '/usr/bin/nodejs', '/usr/bin/npm', 'run', 'build' ]
2 info using npm@4.1.2
3 info using node@v7.7.1
4 verbose run-script [ 'prebuild', 'build', 'postbuild' ]
5 info lifecycle @~prebuild: @
6 silly lifecycle @~prebuild: no script for prebuild, continuing
7 info lifecycle @~build: @
8 verbose lifecycle @~build: unsafe-perm in lifecycle true
9 verbose lifecycle @~build: PATH: /usr/lib/node_modules/npm/bin/node-gyp-bin:/opt/lampp/htdocs/EBD/BACKOFFICE/node_modules/.bin:/usr/lib/node_modules/npm/bin/node-gyp-bin:/opt/lampp/htdocs/EBD/BACKOFFICE/node_modules/.bin:/opt/OpenPrinting-Gutenprint/sbin:/opt/OpenPrinting-Gutenprint/bin:/usr/local/bin:/usr/bin:/bin:/usr/local/games:/usr/games:/home/jacques/bin:/JAVA_HOME:JRE_HOME:NODE_OPTIONS
10 verbose lifecycle @~build: CWD: /opt/lampp/htdocs/EBD/BACKOFFICE
11 silly lifecycle @~build: Args: [ '-c', 'tsc -p public/angular2/src/' ]
12 info lifecycle @~build: Failed to exec build script
13 verbose stack Error: @ build: `tsc -p public/angular2/src/`
13 verbose stack spawn ENOENT
13 verbose stack     at ChildProcess.<anonymous> (/usr/lib/node_modules/npm/lib/utils/spawn.js:33:16)
13 verbose stack     at emitTwo (events.js:106:13)
13 verbose stack     at ChildProcess.emit (events.js:194:7)
13 verbose stack     at maybeClose (internal/child_process.js:899:16)
13 verbose stack     at Process.ChildProcess._handle.onexit (internal/child_process.js:226:5)
14 verbose pkgid @
15 verbose cwd /opt/lampp/htdocs/EBD/BACKOFFICE
16 error Linux 4.4.0-21-generic
17 error argv "/usr/bin/nodejs" "/usr/bin/npm" "run" "build"
18 error node v7.7.1
19 error npm  v4.1.2
20 error file sh
21 error code ELIFECYCLE
22 error errno ENOENT
23 error syscall spawn
24 error @ build: `tsc -p public/angular2/src/`
24 error spawn ENOENT
25 error Failed at the @ build script 'tsc -p public/angular2/src/'.
25 error Make sure you have the latest version of node.js and npm installed.
25 error If you do, this is most likely a problem with the  package,
25 error not with npm itself.
25 error Tell the author that this fails on your system:
25 error     tsc -p public/angular2/src/
25 error You can get information on how to open an issue for this project with:
25 error     npm bugs
25 error Or if that isn't available, you can get their info via:
25 error     npm owner ls
25 error There is likely additional logging output above.
26 verbose exit [ 1, true ]
